Traceback (most recent call last):
  File "/home/rob/miniconda3/envs/argo-env2/lib/python3.11/site-packages/jupyter_cache/executors/utils.py", line 58, in single_nb_execution
    executenb(
  File "/home/rob/miniconda3/envs/argo-env2/lib/python3.11/site-packages/nbclient/client.py", line 1204, in execute
    return NotebookClient(nb=nb, resources=resources, km=km, **kwargs).execute()
           ^^^^^^^^^^^^^^^^^^^^^^^^^^^^^^^^^^^^^^^^^^^^^^^^^^^^^^^^^^^^^^^^^^^^^
  File "/home/rob/miniconda3/envs/argo-env2/lib/python3.11/site-packages/nbclient/util.py", line 84, in wrapped
    return just_run(coro(*args, **kwargs))
           ^^^^^^^^^^^^^^^^^^^^^^^^^^^^^^^
  File "/home/rob/miniconda3/envs/argo-env2/lib/python3.11/site-packages/nbclient/util.py", line 62, in just_run
    return loop.run_until_complete(coro)
           ^^^^^^^^^^^^^^^^^^^^^^^^^^^^^
  File "/home/rob/miniconda3/envs/argo-env2/lib/python3.11/asyncio/base_events.py", line 653, in run_until_complete
    return future.result()
           ^^^^^^^^^^^^^^^
  File "/home/rob/miniconda3/envs/argo-env2/lib/python3.11/site-packages/nbclient/client.py", line 663, in async_execute
    await self.async_execute_cell(
  File "/home/rob/miniconda3/envs/argo-env2/lib/python3.11/site-packages/nbclient/client.py", line 965, in async_execute_cell
    await self._check_raise_for_error(cell, cell_index, exec_reply)
  File "/home/rob/miniconda3/envs/argo-env2/lib/python3.11/site-packages/nbclient/client.py", line 862, in _check_raise_for_error
    raise CellExecutionError.from_cell_and_msg(cell, exec_reply_content)
nbclient.exceptions.CellExecutionError: An error occurred while executing the following cell:
------------------
# Program "TemperatureChart"

import xarray as xr
import pandas as pd
import matplotlib.pyplot as plt

# Load profile times and text > datetimes for columns 2, 3, 4
profiles = pd.read_csv('~/profileIndices/RS01SBPS_profiles_2018.csv')
profiles['start'] = pd.to_datetime(profiles['start'])
profiles['peak'] = pd.to_datetime(profiles['peak'])
profiles['end'] = pd.to_datetime(profiles['end'])

# Load CTD data
ds = xr.open_dataset('/home/rob/tmpdata/ctdexample.nc')

ds = ds.swap_dims({'obs':'time'})

# Find profiles that overlap with CTD data
ctd_start = pd.to_datetime(ds.time.min().values)
ctd_end = pd.to_datetime(ds.time.max().values)
matching = profiles[(profiles['start'] >= ctd_start) & (profiles['peak'] <= ctd_end)]

# Select 4 consecutive profiles
colors = ['red', 'orange', 'green', 'blue']
fig, ax = plt.subplots(figsize=(8, 5))

for i in range(4):
    profile = matching.iloc[i]
    start_time = profile['start']
    peak_time = profile['peak']
    
    # Select data for this profile (ascent: start to peak)
    mask = (ds.time >= start_time) & (ds.time <= peak_time)
    profile_data = ds.where(mask, drop=True)
    
    # Depth is positive
    depth = profile_data['depth']
    
    # Plot temperature vs depth
    ax.plot(profile_data['sea_water_temperature'], depth, color=colors[i])

ax.set_ylim(200, 0)
ax.set_xlim(6, 16)
ax.set_xlabel('Temperature (°C)')
ax.set_ylabel('Depth (m)')
ax.set_title('CTD Temperature Profiles - Slope Base, 2018')
ax.grid(True, alpha=0.3)
plt.tight_layout()
plt.savefig('/home/rob/ctd_temperature_profiles.png', dpi=150)
plt.show()
------------------

[0;31m---------------------------------------------------------------------------[0m
[0;31mFileNotFoundError[0m                         Traceback (most recent call last)
Cell [0;32mIn[2], line 8[0m
[1;32m      5[0m [38;5;28;01mimport[39;00m [38;5;21;01mmatplotlib[39;00m[38;5;21;01m.[39;00m[38;5;21;01mpyplot[39;00m [38;5;28;01mas[39;00m [38;5;21;01mplt[39;00m
[1;32m      7[0m [38;5;66;03m# Load profile times and text > datetimes for columns 2, 3, 4[39;00m
[0;32m----> 8[0m profiles [38;5;241m=[39m pd[38;5;241m.[39mread_csv([38;5;124m'[39m[38;5;124m~/profileIndices/RS01SBPS_profiles_2018.csv[39m[38;5;124m'[39m)
[1;32m      9[0m profiles[[38;5;124m'[39m[38;5;124mstart[39m[38;5;124m'[39m] [38;5;241m=[39m pd[38;5;241m.[39mto_datetime(profiles[[38;5;124m'[39m[38;5;124mstart[39m[38;5;124m'[39m])
[1;32m     10[0m profiles[[38;5;124m'[39m[38;5;124mpeak[39m[38;5;124m'[39m] [38;5;241m=[39m pd[38;5;241m.[39mto_datetime(profiles[[38;5;124m'[39m[38;5;124mpeak[39m[38;5;124m'[39m])

File [0;32m~/miniconda3/envs/argo-env2/lib/python3.11/site-packages/pandas/io/parsers/readers.py:912[0m, in [0;36mread_csv[0;34m(filepath_or_buffer, sep, delimiter, header, names, index_col, usecols, dtype, engine, converters, true_values, false_values, skipinitialspace, skiprows, skipfooter, nrows, na_values, keep_default_na, na_filter, verbose, skip_blank_lines, parse_dates, infer_datetime_format, keep_date_col, date_parser, date_format, dayfirst, cache_dates, iterator, chunksize, compression, thousands, decimal, lineterminator, quotechar, quoting, doublequote, escapechar, comment, encoding, encoding_errors, dialect, on_bad_lines, delim_whitespace, low_memory, memory_map, float_precision, storage_options, dtype_backend)[0m
[1;32m    899[0m kwds_defaults [38;5;241m=[39m _refine_defaults_read(
[1;32m    900[0m     dialect,
[1;32m    901[0m     delimiter,
[0;32m   (...)[0m
[1;32m    908[0m     dtype_backend[38;5;241m=[39mdtype_backend,
[1;32m    909[0m )
[1;32m    910[0m kwds[38;5;241m.[39mupdate(kwds_defaults)
[0;32m--> 912[0m [38;5;28;01mreturn[39;00m _read(filepath_or_buffer, kwds)

File [0;32m~/miniconda3/envs/argo-env2/lib/python3.11/site-packages/pandas/io/parsers/readers.py:577[0m, in [0;36m_read[0;34m(filepath_or_buffer, kwds)[0m
[1;32m    574[0m _validate_names(kwds[38;5;241m.[39mget([38;5;124m"[39m[38;5;124mnames[39m[38;5;124m"[39m, [38;5;28;01mNone[39;00m))
[1;32m    576[0m [38;5;66;03m# Create the parser.[39;00m
[0;32m--> 577[0m parser [38;5;241m=[39m TextFileReader(filepath_or_buffer, [38;5;241m*[39m[38;5;241m*[39mkwds)
[1;32m    579[0m [38;5;28;01mif[39;00m chunksize [38;5;129;01mor[39;00m iterator:
[1;32m    580[0m     [38;5;28;01mreturn[39;00m parser

File [0;32m~/miniconda3/envs/argo-env2/lib/python3.11/site-packages/pandas/io/parsers/readers.py:1407[0m, in [0;36mTextFileReader.__init__[0;34m(self, f, engine, **kwds)[0m
[1;32m   1404[0m     [38;5;28mself[39m[38;5;241m.[39moptions[[38;5;124m"[39m[38;5;124mhas_index_names[39m[38;5;124m"[39m] [38;5;241m=[39m kwds[[38;5;124m"[39m[38;5;124mhas_index_names[39m[38;5;124m"[39m]
[1;32m   1406[0m [38;5;28mself[39m[38;5;241m.[39mhandles: IOHandles [38;5;241m|[39m [38;5;28;01mNone[39;00m [38;5;241m=[39m [38;5;28;01mNone[39;00m
[0;32m-> 1407[0m [38;5;28mself[39m[38;5;241m.[39m_engine [38;5;241m=[39m [38;5;28mself[39m[38;5;241m.[39m_make_engine(f, [38;5;28mself[39m[38;5;241m.[39mengine)

File [0;32m~/miniconda3/envs/argo-env2/lib/python3.11/site-packages/pandas/io/parsers/readers.py:1661[0m, in [0;36mTextFileReader._make_engine[0;34m(self, f, engine)[0m
[1;32m   1659[0m     [38;5;28;01mif[39;00m [38;5;124m"[39m[38;5;124mb[39m[38;5;124m"[39m [38;5;129;01mnot[39;00m [38;5;129;01min[39;00m mode:
[1;32m   1660[0m         mode [38;5;241m+[39m[38;5;241m=[39m [38;5;124m"[39m[38;5;124mb[39m[38;5;124m"[39m
[0;32m-> 1661[0m [38;5;28mself[39m[38;5;241m.[39mhandles [38;5;241m=[39m get_handle(
[1;32m   1662[0m     f,
[1;32m   1663[0m     mode,
[1;32m   1664[0m     encoding[38;5;241m=[39m[38;5;28mself[39m[38;5;241m.[39moptions[38;5;241m.[39mget([38;5;124m"[39m[38;5;124mencoding[39m[38;5;124m"[39m, [38;5;28;01mNone[39;00m),
[1;32m   1665[0m     compression[38;5;241m=[39m[38;5;28mself[39m[38;5;241m.[39moptions[38;5;241m.[39mget([38;5;124m"[39m[38;5;124mcompression[39m[38;5;124m"[39m, [38;5;28;01mNone[39;00m),
[1;32m   1666[0m     memory_map[38;5;241m=[39m[38;5;28mself[39m[38;5;241m.[39moptions[38;5;241m.[39mget([38;5;124m"[39m[38;5;124mmemory_map[39m[38;5;124m"[39m, [38;5;28;01mFalse[39;00m),
[1;32m   1667[0m     is_text[38;5;241m=[39mis_text,
[1;32m   1668[0m     errors[38;5;241m=[39m[38;5;28mself[39m[38;5;241m.[39moptions[38;5;241m.[39mget([38;5;124m"[39m[38;5;124mencoding_errors[39m[38;5;124m"[39m, [38;5;124m"[39m[38;5;124mstrict[39m[38;5;124m"[39m),
[1;32m   1669[0m     storage_options[38;5;241m=[39m[38;5;28mself[39m[38;5;241m.[39moptions[38;5;241m.[39mget([38;5;124m"[39m[38;5;124mstorage_options[39m[38;5;124m"[39m, [38;5;28;01mNone[39;00m),
[1;32m   1670[0m )
[1;32m   1671[0m [38;5;28;01massert[39;00m [38;5;28mself[39m[38;5;241m.[39mhandles [38;5;129;01mis[39;00m [38;5;129;01mnot[39;00m [38;5;28;01mNone[39;00m
[1;32m   1672[0m f [38;5;241m=[39m [38;5;28mself[39m[38;5;241m.[39mhandles[38;5;241m.[39mhandle

File [0;32m~/miniconda3/envs/argo-env2/lib/python3.11/site-packages/pandas/io/common.py:859[0m, in [0;36mget_handle[0;34m(path_or_buf, mode, encoding, compression, memory_map, is_text, errors, storage_options)[0m
[1;32m    854[0m [38;5;28;01melif[39;00m [38;5;28misinstance[39m(handle, [38;5;28mstr[39m):
[1;32m    855[0m     [38;5;66;03m# Check whether the filename is to be opened in binary mode.[39;00m
[1;32m    856[0m     [38;5;66;03m# Binary mode does not support 'encoding' and 'newline'.[39;00m
[1;32m    857[0m     [38;5;28;01mif[39;00m ioargs[38;5;241m.[39mencoding [38;5;129;01mand[39;00m [38;5;124m"[39m[38;5;124mb[39m[38;5;124m"[39m [38;5;129;01mnot[39;00m [38;5;129;01min[39;00m ioargs[38;5;241m.[39mmode:
[1;32m    858[0m         [38;5;66;03m# Encoding[39;00m
[0;32m--> 859[0m         handle [38;5;241m=[39m [38;5;28mopen[39m(
[1;32m    860[0m             handle,
[1;32m    861[0m             ioargs[38;5;241m.[39mmode,
[1;32m    862[0m             encoding[38;5;241m=[39mioargs[38;5;241m.[39mencoding,
[1;32m    863[0m             errors[38;5;241m=[39merrors,
[1;32m    864[0m             newline[38;5;241m=[39m[38;5;124m"[39m[38;5;124m"[39m,
[1;32m    865[0m         )
[1;32m    866[0m     [38;5;28;01melse[39;00m:
[1;32m    867[0m         [38;5;66;03m# Binary mode[39;00m
[1;32m    868[0m         handle [38;5;241m=[39m [38;5;28mopen[39m(handle, ioargs[38;5;241m.[39mmode)

[0;31mFileNotFoundError[0m: [Errno 2] No such file or directory: '/home/rob/profileIndices/RS01SBPS_profiles_2018.csv'
FileNotFoundError: [Errno 2] No such file or directory: '/home/rob/profileIndices/RS01SBPS_profiles_2018.csv'

